%このファイルは日本語文字を含みます.
\BOOKMARK [0][]{part.1}{第I部 はじめに}{}% 1
\BOOKMARK [0][]{part.2}{第II部 過去の研究}{}% 2
\BOOKMARK [0][]{part.3}{第III部 データ}{}% 3
\BOOKMARK [1][]{section.1}{1 サンプルデータ}{part.3}% 4
\BOOKMARK [1][]{section.2}{2 目的変数}{part.3}% 5
\BOOKMARK [1][]{section.3}{3 説明変数}{part.3}% 6
\BOOKMARK [0][]{part.4}{第IV部 予測モデル}{}% 7
\BOOKMARK [1][]{section.4}{4 予測のデザイン}{part.4}% 8
\BOOKMARK [1][]{section.5}{5 伝統的時系列モデル}{part.4}% 9
\BOOKMARK [2][]{subsection.5.1}{5.1 ランダムウォークモデル}{section.5}% 10
\BOOKMARK [2][]{subsection.5.2}{5.2 ARIMAモデル}{section.5}% 11
\BOOKMARK [2][]{subsection.5.3}{5.3 多変量線形モデル}{section.5}% 12
\BOOKMARK [1][]{section.6}{6 機械学習モデル}{part.4}% 13
\BOOKMARK [2][]{subsection.6.1}{6.1 罰則回帰モデル}{section.6}% 14
\BOOKMARK [2][]{subsection.6.2}{6.2 ランダムフォレスト回帰モデル}{section.6}% 15
\BOOKMARK [2][]{subsection.6.3}{6.3 ニューラルネットワークモデル}{section.6}% 16
\BOOKMARK [1][]{section.7}{7 ハイパーパラメータの選択}{part.4}% 17
\BOOKMARK [0][]{part.5}{第V部 予測精度指標}{}% 18
\BOOKMARK [0][]{part.6}{第VI部 予測結果}{}% 19
\BOOKMARK [1][]{section.8}{8 時系列モデル間の予測精度比較}{part.6}% 20
\BOOKMARK [1][]{section.9}{9 時系列モデル間の予測精度差の検定}{part.6}% 21
\BOOKMARK [1][]{section.10}{10 アナリスト予測との予測精度比較}{part.6}% 22
\BOOKMARK [1][]{section.11}{11 アナリスト予測との予測精度差の検定}{part.6}% 23
\BOOKMARK [0][]{part.7}{第VII部 予測の投資指標としての有用性}{}% 24
\BOOKMARK [0][]{part.8}{第VIII部 終わりに}{}% 25
